
ROM used:   837/4096 (20%)
            837/4096 (20%) including unused fragments

            0.9 Average locations per line
            6.4 Average locations per statement

RAM used:   34/191 (18%) at main() level
            48/191 (25%) worst case

Stack used: 4 worst case (3 in main + 1 for interrupts)
Stack size: 8

Lines Stmts  %   Files
----- ----- ---  -----
  263   131 100  source2.c
  620     0   0  C:\Program Files (x86)\PICC\Devices\16F873A.h
----- -----
  883   131 Total

Page ROM  %  RAM   Vol Diff  Functions:
---- --- --- ---   --- ----  ----------
0     54   6    1   386  4.7  funcion_ext_int
0     18   2    0    43  1.8  timer0
0    339  41    4  2405  9.8  MAIN
0     30   4    2             @ITOF
0    117  14   13             @MULFF
0     63   8   10             @FLT
0     11   1    0             @goto10701
0     68   8    0    39  2.0  real_time_s
 Inline         4             @DTOF
0      6   1    0    33  1.3  reset_timer
0     76   9    5   333  4.8  medir_pulso
 Inline         0             @cinit1

Program metrics:
    Functions               6
    Statements              131
    Comments                202
    Volume (V)              4049
    Difficulty (D)          25.4
    Effort to implement (E) 102681
    Time to implement (T)   1 hours, 35 minutes
    Est Delivered Bugs (B)  1
    Cyclomatic Complexity   23
    Maintainability (MI)    107

 Segment     Used  Free
-----------  ----  ----
00000-00003     4  0  
00004-00036    51  0  
00037-007FF   782  1211  
00800-00FFF     0  2048  



