CCS PCM C Compiler, Version 5.015, 5967               30-may.-18 08:49

               Filename:   F:\GitHub\Control-AC\codes\source.lst

               ROM used:   956 words (93%)
                           Largest free fragment is 68
               RAM used:   33 (49%) at main() level
                           47 (69%) worst case
               Stack used: 4 locations (3 in main + 1 for interrupts)
               Stack size: 8

*
0000:  MOVLW  01
0001:  MOVWF  0A
0002:  GOTO   1ED
0003:  NOP
0004:  BTFSC  03.5
0005:  GOTO   00A
0006:  MOVWF  10
0007:  SWAPF  03,W
0008:  MOVWF  11
0009:  GOTO   00F
000A:  BCF    03.5
000B:  MOVWF  10
000C:  SWAPF  03,W
000D:  MOVWF  11
000E:  BSF    11.1
000F:  MOVF   0A,W
0010:  MOVWF  17
0011:  CLRF   0A
0012:  BCF    03.7
0013:  SWAPF  10,F
0014:  MOVF   04,W
0015:  MOVWF  12
0016:  MOVF   0C,W
0017:  MOVWF  13
0018:  MOVF   0D,W
0019:  MOVWF  14
001A:  MOVF   0E,W
001B:  MOVWF  15
001C:  MOVF   0F,W
001D:  MOVWF  16
001E:  BCF    03.5
001F:  BTFSS  0B.4
0020:  GOTO   023
0021:  BTFSC  0B.1
0022:  GOTO   03A
0023:  BTFSS  0B.5
0024:  GOTO   027
0025:  BTFSC  0B.2
0026:  GOTO   070
0027:  MOVF   12,W
0028:  MOVWF  04
0029:  MOVF   13,W
002A:  MOVWF  0C
002B:  MOVF   14,W
002C:  MOVWF  0D
002D:  MOVF   15,W
002E:  MOVWF  0E
002F:  MOVF   16,W
0030:  MOVWF  0F
0031:  MOVF   17,W
0032:  MOVWF  0A
0033:  SWAPF  11,W
0034:  MOVWF  03
0035:  BCF    03.5
0036:  SWAPF  10,W
0037:  BTFSC  11.1
0038:  BSF    03.5
0039:  RETFIE
.................... ///////////////////////////////////////////////////////////////////////////////// 
.................... //                                                                             // 
.................... //                             Control de Alimentaci贸n AC                     // 
.................... //                Centro de Investigaci贸n y Tecnolog铆a Electr贸nica          // 
.................... //                        (c) 2018 Luis Gabriel Lujano Chinchilla              // 
.................... //                                                                             // 
.................... ///////////////////////////////////////////////////////////////////////////////// 
.................... //                                                                             // 
.................... //             uControlador: PIC16F873A            Lenguaje: CCS C              // 
.................... //                      Xtal: 4MHz                                             // 
.................... //                                                                             // 
.................... ///////////////////////////////////////////////////////////////////////////////// 
.................... #include <16F84A.h> 
.................... //////////// Standard Header file for the PIC16F84A device //////////////// 
.................... /////////////////////////////////////////////////////////////////////////// 
.................... ////        (C) Copyright 1996, 2013 Custom Computer Services          //// 
.................... //// This source code may only be used by licensed users of the CCS C  //// 
.................... //// compiler.  This source code may only be distributed to other      //// 
.................... //// licensed users of the CCS C compiler.  No other use, reproduction //// 
.................... //// or distribution is permitted without written permission.          //// 
.................... //// Derivative programs created using this software in object code    //// 
.................... //// form are not restricted in any way.                               //// 
.................... /////////////////////////////////////////////////////////////////////////// 
.................... #device PIC16F84A 
*
0088:  MOVF   2D,W
0089:  BTFSC  03.2
008A:  GOTO   0F8
008B:  MOVWF  35
008C:  MOVF   31,W
008D:  BTFSC  03.2
008E:  GOTO   0F8
008F:  ADDWF  35,F
0090:  BTFSC  03.0
0091:  GOTO   099
0092:  MOVLW  7F
0093:  SUBWF  35,F
0094:  BTFSS  03.0
0095:  GOTO   0F8
0096:  BTFSC  03.2
0097:  GOTO   0F8
0098:  GOTO   09D
0099:  MOVLW  81
009A:  ADDWF  35,F
009B:  BTFSC  03.0
009C:  GOTO   0F8
009D:  MOVF   35,W
009E:  MOVWF  0C
009F:  CLRF   0D
00A0:  CLRF   0E
00A1:  CLRF   0F
00A2:  MOVF   2E,W
00A3:  MOVWF  39
00A4:  BSF    39.7
00A5:  MOVF   2F,W
00A6:  MOVWF  38
00A7:  MOVF   30,W
00A8:  MOVWF  37
00A9:  MOVLW  18
00AA:  MOVWF  35
00AB:  CLRF   36
00AC:  BTFSS  37.0
00AD:  GOTO   0C6
00AE:  MOVF   34,W
00AF:  ADDWF  0F,F
00B0:  BTFSS  03.0
00B1:  GOTO   0B8
00B2:  INCF   0E,F
00B3:  BTFSS  03.2
00B4:  GOTO   0B8
00B5:  INCF   0D,F
00B6:  BTFSC  03.2
00B7:  BSF    36.7
00B8:  MOVF   33,W
00B9:  ADDWF  0E,F
00BA:  BTFSS  03.0
00BB:  GOTO   0BF
00BC:  INCF   0D,F
00BD:  BTFSC  03.2
00BE:  BSF    36.7
00BF:  MOVF   32,W
00C0:  MOVWF  2F
00C1:  BSF    2F.7
00C2:  MOVF   2F,W
00C3:  ADDWF  0D,F
00C4:  BTFSC  03.0
00C5:  BSF    36.7
00C6:  RLF    36,F
00C7:  RRF    0D,F
00C8:  RRF    0E,F
00C9:  RRF    0F,F
00CA:  RRF    39,F
00CB:  RRF    38,F
00CC:  RRF    37,F
00CD:  BCF    03.0
00CE:  DECFSZ 35,F
00CF:  GOTO   0AB
00D0:  MOVLW  01
00D1:  ADDWF  0C,F
00D2:  BTFSC  03.0
00D3:  GOTO   0F8
00D4:  BTFSC  0D.7
00D5:  GOTO   0DD
00D6:  RLF    39,F
00D7:  RLF    0F,F
00D8:  RLF    0E,F
00D9:  RLF    0D,F
00DA:  DECF   0C,F
00DB:  BTFSC  03.2
00DC:  GOTO   0F8
00DD:  BTFSS  39.7
00DE:  GOTO   0EE
00DF:  INCF   0F,F
00E0:  BTFSS  03.2
00E1:  GOTO   0EE
00E2:  INCF   0E,F
00E3:  BTFSS  03.2
00E4:  GOTO   0EE
00E5:  INCF   0D,F
00E6:  BTFSS  03.2
00E7:  GOTO   0EE
00E8:  RRF    0D,F
00E9:  RRF    0E,F
00EA:  RRF    0F,F
00EB:  INCF   0C,F
00EC:  BTFSC  03.2
00ED:  GOTO   0F8
00EE:  MOVF   2E,W
00EF:  MOVWF  36
00F0:  MOVF   32,W
00F1:  XORWF  36,F
00F2:  BTFSS  36.7
00F3:  GOTO   0F6
00F4:  BSF    0D.7
00F5:  GOTO   0FC
00F6:  BCF    0D.7
00F7:  GOTO   0FC
00F8:  CLRF   0C
00F9:  CLRF   0D
00FA:  CLRF   0E
00FB:  CLRF   0F
00FC:  RETURN
*
0105:  MOVLW  B6
0106:  MOVWF  0C
0107:  CLRF   0F
0108:  CLRF   0E
0109:  CLRF   0D
010A:  MOVF   2A,W
010B:  IORWF  2B,W
010C:  IORWF  2C,W
010D:  IORWF  2D,W
010E:  BTFSS  03.2
010F:  GOTO   112
0110:  CLRF   0C
0111:  GOTO   11F
0112:  BCF    03.0
0113:  BTFSC  0D.7
0114:  GOTO   11E
0115:  RLF    2A,F
0116:  RLF    2B,F
0117:  RLF    2C,F
0118:  RLF    2D,F
0119:  RLF    0F,F
011A:  RLF    0E,F
011B:  RLF    0D,F
011C:  DECFSZ 0C,F
011D:  GOTO   112
011E:  BCF    0D.7
*
0141:  MOVLW  8E
0142:  MOVWF  0C
0143:  MOVF   2E,W
0144:  MOVWF  0D
0145:  MOVF   2D,W
0146:  MOVWF  0E
0147:  CLRF   0F
0148:  MOVF   0D,F
0149:  BTFSS  03.2
014A:  GOTO   155
014B:  MOVF   0E,W
014C:  MOVWF  0D
014D:  CLRF   0E
014E:  MOVLW  08
014F:  SUBWF  0C,F
0150:  MOVF   0D,F
0151:  BTFSS  03.2
0152:  GOTO   155
0153:  CLRF   0C
0154:  GOTO   15D
0155:  BCF    03.0
0156:  BTFSC  0D.7
0157:  GOTO   15C
0158:  RLF    0E,F
0159:  RLF    0D,F
015A:  DECF   0C,F
015B:  GOTO   155
015C:  BCF    0D.7
015D:  GOTO   25D (RETURN)
015E:  MOVF   2F,W
015F:  MOVWF  36
0160:  MOVF   33,W
0161:  XORWF  36,F
0162:  BTFSS  36.7
0163:  GOTO   169
0164:  BCF    03.2
0165:  BCF    03.0
0166:  BTFSC  2F.7
0167:  BSF    03.0
0168:  GOTO   19C
0169:  MOVF   2F,W
016A:  MOVWF  36
016B:  MOVF   32,W
016C:  MOVWF  37
016D:  MOVF   2E,W
016E:  SUBWF  37,F
016F:  BTFSC  03.2
0170:  GOTO   177
0171:  BTFSS  36.7
0172:  GOTO   19C
0173:  MOVF   03,W
0174:  XORLW  01
0175:  MOVWF  03
0176:  GOTO   19C
0177:  MOVF   33,W
0178:  MOVWF  37
0179:  MOVF   2F,W
017A:  SUBWF  37,F
017B:  BTFSC  03.2
017C:  GOTO   183
017D:  BTFSS  36.7
017E:  GOTO   19C
017F:  MOVF   03,W
0180:  XORLW  01
0181:  MOVWF  03
0182:  GOTO   19C
0183:  MOVF   34,W
0184:  MOVWF  37
0185:  MOVF   30,W
0186:  SUBWF  37,F
0187:  BTFSC  03.2
0188:  GOTO   18F
0189:  BTFSS  36.7
018A:  GOTO   19C
018B:  MOVF   03,W
018C:  XORLW  01
018D:  MOVWF  03
018E:  GOTO   19C
018F:  MOVF   35,W
0190:  MOVWF  37
0191:  MOVF   31,W
0192:  SUBWF  37,F
0193:  BTFSC  03.2
0194:  GOTO   19B
0195:  BTFSS  36.7
0196:  GOTO   19C
0197:  MOVF   03,W
0198:  XORLW  01
0199:  MOVWF  03
019A:  GOTO   19C
019B:  BCF    03.0
019C:  RETURN
*
03B1:  BSF    0A.0
03B2:  BSF    0A.1
03B3:  BCF    0A.2
03B4:  ADDWF  02,F
03B5:  GOTO   237
03B6:  GOTO   3AF
03B7:  GOTO   222
03B8:  GOTO   2C9
03B9:  GOTO   221
03BA:  GOTO   28C
03BB:  GOTO   313
....................  
.................... #list 
....................  
.................... #fuses XT, NOWDT 
.................... #use delay (clock = 4000000) 
.................... #use standard_io(b) 
.................... #rom 0x2100 = {0x01} 
....................  // Pines 
.................... #define CONTROL     PIN_B4    //// Control del rel茅 
.................... #define Green_LED   PIN_B3    //// Indicador de sistema encendido 
.................... #define Yellow_LED  PIN_B2    //// Indicador de sistema encendido 
.................... #define Red_LED     PIN_B1    //// Indicador de suspensi贸n de corriente 
.................... #define Pulsador    PIN_B0    //// Pulsador de encendido y de ajuste de temporizaci贸n 
....................  
.................... // Variables globales 
.................... int32 time_H ; // Variable configurable para el temporizador 
.................... float time_temp; // Variable temporal para calculos en punto flotante 
.................... int1 boton_activado = 0; 
.................... int8 time_on = 1; // tiempo en minituos en el que el dispositivo permanece activo 
.................... int8 last_time_on = 1; 
.................... float tiempo_activo ; 
....................  
.................... // states del sistema 
.................... int8 state; 
.................... int8 last_state; 
.................... int1 state_chg; // el estado del sistema ha cambiado 
.................... #define CURRENT_ON 1 // El dispositivo cuenta hasta el tiempo configurado y se apaga 
.................... #define ON 2 
.................... #define OFF 3 
.................... #define CONFIG 4 // Cambio de estado en funcion de la duracion del pulso 
.................... #define WAIT 5 
.................... #define CURRENT_OFF 6 // El dispositivo cuenta hasta el tiempo configurado y se apaga 
.................... #define CONFIG_TEMP 7 //  Ajuste de temporizacin echa por el usuario. 
....................  
....................  
.................... /// Interrupciones /// 
.................... #INT_EXT 
.................... void funcion_ext_int(){ 
.................... output_toggle(PIN_B5); 
*
003A:  BSF    03.5
003B:  BCF    06.5
003C:  MOVLW  20
003D:  BCF    03.5
003E:  XORWF  06,F
....................     if (boton_activado == 0){ //Primera interrupcin por flanco de subida 
003F:  BTFSC  20.0
0040:  GOTO   06D
....................         set_timer0(0); 
0041:  CLRF   01
....................         while(get_timer0()< 150){}; // Esperar un tiempo  
0042:  MOVF   01,W
0043:  SUBLW  95
0044:  BTFSC  03.0
0045:  GOTO   042
....................         if(input(Pulsador) == 0 ) { // Si el pulsador esta todavia activo, 
0046:  BSF    03.5
0047:  BSF    06.0
0048:  BCF    03.5
0049:  BTFSC  06.0
004A:  GOTO   06D
....................             if(state == WAIT){ 
004B:  MOVF   27,W
004C:  SUBLW  05
004D:  BTFSS  03.2
004E:  GOTO   057
....................                 state = CURRENT_ON; // Cambiar directamente el estado 
004F:  MOVLW  01
0050:  MOVWF  27
....................                 output_toggle(PIN_B6); 
0051:  BSF    03.5
0052:  BCF    06.6
0053:  MOVLW  40
0054:  BCF    03.5
0055:  XORWF  06,F
....................             } 
0056:  GOTO   06D
....................             else if( (state == CURRENT_ON)  | (state == CURRENT_OFF)){ 
0057:  DECFSZ 27,W
0058:  GOTO   05A
0059:  GOTO   05C
005A:  MOVLW  00
005B:  GOTO   05D
005C:  MOVLW  01
005D:  MOVWF  3A
005E:  MOVF   27,W
005F:  SUBLW  06
0060:  BTFSC  03.2
0061:  GOTO   064
0062:  MOVLW  00
0063:  GOTO   065
0064:  MOVLW  01
0065:  IORWF  3A,W
0066:  BTFSC  03.2
0067:  GOTO   06C
....................                 state = CONFIG; 
0068:  MOVLW  04
0069:  MOVWF  27
....................                 boton_activado = 1; 
006A:  BSF    20.0
....................             } 
006B:  GOTO   06D
....................             else{ // Estado config o config temp 
....................                 boton_activado = 1; // Analizar con la funcion medir pulso  
006C:  BSF    20.0
....................             } 
....................              
....................         } 
....................     } 
....................  
.................... } 
....................  
....................  
....................  
006D:  BCF    0B.1
006E:  BCF    0A.3
006F:  GOTO   027
.................... #INT_TIMER0 
.................... void timer0(){ 
....................  time_H= time_H+1; 
0070:  MOVLW  01
0071:  ADDWF  18,F
0072:  MOVLW  00
0073:  BTFSC  03.0
0074:  MOVLW  01
0075:  ADDWF  19,F
0076:  MOVLW  00
0077:  BTFSC  03.0
0078:  MOVLW  01
0079:  ADDWF  1A,F
007A:  MOVLW  00
007B:  BTFSC  03.0
007C:  MOVLW  01
007D:  ADDWF  1B,F
....................  set_timer0(0); // Reiniciar timer 
007E:  CLRF   01
007F:  BCF    0B.2
0080:  BCF    0A.3
0081:  GOTO   027
.................... } 
....................  
.................... float real_time_m(); 
.................... void reset_timer(); 
.................... float medir_pulso(); 
....................  
.................... /// MAIN /// 
.................... void main () 
*
01ED:  MOVF   03,W
01EE:  ANDLW  1F
01EF:  MOVWF  03
01F0:  BCF    20.0
01F1:  MOVLW  01
01F2:  MOVWF  21
01F3:  MOVWF  22
.................... { 
....................      
....................   // Inicializacion 
....................      // Configuracion de Timer 
....................     setup_timer_0 (T0_DIV_256 ); // Modo= oscilador interno 4MHz, cuenta cada 8us 
01F4:  BSF    03.5
01F5:  MOVF   01,W
01F6:  ANDLW  C0
01F7:  IORLW  07
01F8:  MOVWF  01
....................     set_timer0(0); // Reiniciar timer 
01F9:  BCF    03.5
01FA:  CLRF   01
....................     enable_interrupts(INT_TIMER0); 
01FB:  BSF    0B.5
....................       // Configuracion de la interrupcin externa 
....................     ext_int_edge(0, H_TO_L);    // Configurar para flanco de bajada 
01FC:  BSF    03.5
01FD:  BCF    01.6
....................     enable_interrupts(int_ext); // Habilitacin de interrupcion por RB0 
01FE:  BCF    03.5
01FF:  BSF    0B.4
....................      
....................     enable_interrupts(global); 
0200:  BSF    0B.7
....................     
....................     output_low(CONTROL); // cargar 
0201:  BSF    03.5
0202:  BCF    06.4
0203:  BCF    03.5
0204:  BCF    06.4
....................     output_high(Red_LED); // cargar 
0205:  BSF    03.5
0206:  BCF    06.1
0207:  BCF    03.5
0208:  BSF    06.1
....................     output_low(Green_LED); // cargar 
0209:  BSF    03.5
020A:  BCF    06.3
020B:  BCF    03.5
020C:  BCF    06.3
....................     input(Pulsador); 
020D:  BSF    03.5
020E:  BSF    06.0
....................      
....................     boton_activado = 0; 
020F:  BCF    03.5
0210:  BCF    20.0
....................      
....................     state = CURRENT_ON; 
0211:  MOVLW  01
0212:  MOVWF  27
....................     last_state = CURRENT_ON; 
0213:  MOVWF  28
....................     time_on = read_eeprom(0); 
0214:  CLRF   09
0215:  BSF    03.5
0216:  BSF    08.0
0217:  BCF    03.5
0218:  MOVF   08,W
0219:  MOVWF  21
....................     //output_low(PIN_B4); 
....................          
....................     while(1){ 
....................         // Comienza el sistema apagado 
....................         switch(state){ 
021A:  MOVLW  01
021B:  SUBWF  27,W
021C:  ADDLW  F9
021D:  BTFSC  03.0
021E:  GOTO   3AF
021F:  ADDLW  07
0220:  GOTO   3B1
....................             case WAIT: // No hacer nada 
....................                 break; 
0221:  GOTO   3AF
....................                  
....................             case OFF: 
....................                 last_state = OFF; 
0222:  MOVLW  03
0223:  MOVWF  28
....................                 output_low(CONTROL); // Desactivar rele 
0224:  BSF    03.5
0225:  BCF    06.4
0226:  BCF    03.5
0227:  BCF    06.4
....................                 output_low(Red_LED);  
0228:  BSF    03.5
0229:  BCF    06.1
022A:  BCF    03.5
022B:  BCF    06.1
....................                 output_low(Green_LED);  
022C:  BSF    03.5
022D:  BCF    06.3
022E:  BCF    03.5
022F:  BCF    06.3
....................                 output_low(Yellow_LED);  
0230:  BSF    03.5
0231:  BCF    06.2
0232:  BCF    03.5
0233:  BCF    06.2
....................                 state = WAIT; // Esperar a que se cambie de estado 
0234:  MOVLW  05
0235:  MOVWF  27
....................                 break; 
0236:  GOTO   3AF
....................                  
....................            case CURRENT_ON: 
....................                 last_state = CURRENT_ON; 
0237:  MOVLW  01
0238:  MOVWF  28
....................                 reset_timer(); 
0239:  CALL   082
....................                 output_high(CONTROL);  // Activar rele 
023A:  BSF    03.5
023B:  BCF    06.4
023C:  BCF    03.5
023D:  BSF    06.4
....................                 output_low(Red_LED);  
023E:  BSF    03.5
023F:  BCF    06.1
0240:  BCF    03.5
0241:  BCF    06.1
....................                 output_low(Yellow_LED);  
0242:  BSF    03.5
0243:  BCF    06.2
0244:  BCF    03.5
0245:  BCF    06.2
....................                 output_high(Green_LED); 
0246:  BSF    03.5
0247:  BCF    06.3
0248:  BCF    03.5
0249:  BSF    06.3
....................                 time_on = read_eeprom(0); 
024A:  CLRF   09
024B:  BSF    03.5
024C:  BSF    08.0
024D:  BCF    03.5
024E:  MOVF   08,W
024F:  MOVWF  21
....................                 while(real_time_m() < time_on*30.0){ 
0250:  CALL   0FD
0251:  MOVF   0F,W
0252:  MOVWF  2C
0253:  MOVF   0E,W
0254:  MOVWF  2B
0255:  MOVF   0D,W
0256:  MOVWF  2A
0257:  MOVF   0C,W
0258:  MOVWF  29
0259:  CLRF   2E
025A:  MOVF   21,W
025B:  MOVWF  2D
025C:  GOTO   141
025D:  MOVF   0F,W
025E:  MOVWF  30
025F:  MOVF   0E,W
0260:  MOVWF  2F
0261:  MOVF   0D,W
0262:  MOVWF  2E
0263:  MOVF   0C,W
0264:  MOVWF  2D
0265:  CLRF   34
0266:  CLRF   33
0267:  MOVLW  70
0268:  MOVWF  32
0269:  MOVLW  83
026A:  MOVWF  31
026B:  CALL   088
026C:  MOVF   2C,W
026D:  MOVWF  31
026E:  MOVF   2B,W
026F:  MOVWF  30
0270:  MOVF   2A,W
0271:  MOVWF  2F
0272:  MOVF   29,W
0273:  MOVWF  2E
0274:  MOVF   0F,W
0275:  MOVWF  35
0276:  MOVF   0E,W
0277:  MOVWF  34
0278:  MOVF   0D,W
0279:  MOVWF  33
027A:  MOVF   0C,W
027B:  MOVWF  32
027C:  CALL   15E
027D:  BTFSS  03.0
027E:  GOTO   285
....................                     if(state!= CURRENT_ON){ 
027F:  DECFSZ 27,W
0280:  GOTO   282
0281:  GOTO   284
....................                     state_chg = 1; 
0282:  BSF    20.1
....................                     break; 
0283:  GOTO   285
....................                     } // interrumpir estado, si este es cambiado 
0284:  GOTO   250
....................                 } // Esperar el tiempo configurado. 
....................  
....................                 if (state_chg != 1){ // Si no se cambio el estado, volver al ciclo periodico 
0285:  BTFSC  20.1
0286:  GOTO   28A
....................                  state = CURRENT_OFF; 
0287:  MOVLW  06
0288:  MOVWF  27
....................                 } 
0289:  GOTO   28B
....................                 else{ 
....................                    state_chg = 0; 
028A:  BCF    20.1
....................                 } 
....................                 break; 
028B:  GOTO   3AF
....................             case CURRENT_OFF: 
....................                 last_state = CURRENT_OFF; 
028C:  MOVLW  06
028D:  MOVWF  28
....................                 reset_timer(); 
028E:  CALL   082
....................                 output_low(CONTROL); // Desactivar rele 
028F:  BSF    03.5
0290:  BCF    06.4
0291:  BCF    03.5
0292:  BCF    06.4
....................                 output_high(Red_LED);  
0293:  BSF    03.5
0294:  BCF    06.1
0295:  BCF    03.5
0296:  BSF    06.1
....................                 output_low(Yellow_LED);  
0297:  BSF    03.5
0298:  BCF    06.2
0299:  BCF    03.5
029A:  BCF    06.2
....................                 output_high(Green_LED);  
029B:  BSF    03.5
029C:  BCF    06.3
029D:  BCF    03.5
029E:  BSF    06.3
....................                 while(real_time_m() < 0.2){ // Se espera 12 segundos 
029F:  CALL   0FD
02A0:  MOVF   0F,W
02A1:  MOVWF  2C
02A2:  MOVF   0E,W
02A3:  MOVWF  2B
02A4:  MOVF   0D,W
02A5:  MOVWF  2A
02A6:  MOVF   0C,W
02A7:  MOVWF  29
02A8:  MOVF   2C,W
02A9:  MOVWF  31
02AA:  MOVF   2B,W
02AB:  MOVWF  30
02AC:  MOVF   2A,W
02AD:  MOVWF  2F
02AE:  MOVF   29,W
02AF:  MOVWF  2E
02B0:  MOVLW  CD
02B1:  MOVWF  35
02B2:  MOVLW  CC
02B3:  MOVWF  34
02B4:  MOVLW  4C
02B5:  MOVWF  33
02B6:  MOVLW  7C
02B7:  MOVWF  32
02B8:  CALL   15E
02B9:  BTFSS  03.0
02BA:  GOTO   2C2
....................                     if(state !=  CURRENT_OFF){ 
02BB:  MOVF   27,W
02BC:  SUBLW  06
02BD:  BTFSC  03.2
02BE:  GOTO   2C1
....................                         state_chg = 1; 
02BF:  BSF    20.1
....................                         break; 
02C0:  GOTO   2C2
....................                     } 
02C1:  GOTO   29F
....................                 } 
....................  
....................                 if (state_chg != 1){ // Si no se cambio el estado, volver al ciclo periodico 
02C2:  BTFSC  20.1
02C3:  GOTO   2C7
....................                  state = CURRENT_ON; 
02C4:  MOVLW  01
02C5:  MOVWF  27
....................                   
....................                 } 
02C6:  GOTO   2C8
....................                 else{ 
....................                    state_chg = 0; 
02C7:  BCF    20.1
....................                 } 
....................  
....................                 break; 
02C8:  GOTO   3AF
....................  
....................            case CONFIG: // Estado en el que se mide el tiempo pulsado y se cambia el estado del sistema  
....................                 // Medir pulso 
....................                 tiempo_activo = medir_pulso(); // Tiempo activo el pulsador, en segundos 
02C9:  CALL   19D
02CA:  MOVF   0F,W
02CB:  MOVWF  26
02CC:  MOVF   0E,W
02CD:  MOVWF  25
02CE:  MOVF   0D,W
02CF:  MOVWF  24
02D0:  MOVF   0C,W
02D1:  MOVWF  23
....................                 if (tiempo_activo < 0.05){ 
02D2:  MOVF   26,W
02D3:  MOVWF  31
02D4:  MOVF   25,W
02D5:  MOVWF  30
02D6:  MOVF   24,W
02D7:  MOVWF  2F
02D8:  MOVF   23,W
02D9:  MOVWF  2E
02DA:  MOVLW  CD
02DB:  MOVWF  35
02DC:  MOVLW  CC
02DD:  MOVWF  34
02DE:  MOVLW  4C
02DF:  MOVWF  33
02E0:  MOVLW  7A
02E1:  MOVWF  32
02E2:  CALL   15E
02E3:  BTFSS  03.0
02E4:  GOTO   2F9
....................                     if ((last_state == CURRENT_ON ) | (last_state== CURRENT_OFF)){ 
02E5:  DECFSZ 28,W
02E6:  GOTO   2E8
02E7:  GOTO   2EA
02E8:  MOVLW  00
02E9:  GOTO   2EB
02EA:  MOVLW  01
02EB:  MOVWF  29
02EC:  MOVF   28,W
02ED:  SUBLW  06
02EE:  BTFSC  03.2
02EF:  GOTO   2F2
02F0:  MOVLW  00
02F1:  GOTO   2F3
02F2:  MOVLW  01
02F3:  IORWF  29,W
02F4:  BTFSC  03.2
02F5:  GOTO   2F8
....................                         state = OFF; // Apagar el dispositivo 
02F6:  MOVLW  03
02F7:  MOVWF  27
....................                     } 
....................  
....................                 } 
02F8:  GOTO   312
....................                 else{ // Si se pulsa durante mas de 2 segundos, entrar a la configuracion 
....................                     state = CONFIG_TEMP; 
02F9:  MOVLW  07
02FA:  MOVWF  27
....................                     last_time_on = time_on; 
02FB:  MOVF   21,W
02FC:  MOVWF  22
....................                     write_eeprom(0, time_on); 
02FD:  MOVF   0B,W
02FE:  MOVWF  0C
02FF:  BCF    0B.7
0300:  CLRF   09
0301:  MOVF   21,W
0302:  MOVWF  08
0303:  BSF    03.5
0304:  BSF    08.2
0305:  MOVLW  55
0306:  MOVWF  09
0307:  MOVLW  AA
0308:  MOVWF  09
0309:  BSF    08.1
030A:  BTFSC  08.1
030B:  GOTO   30A
030C:  BCF    08.2
030D:  BCF    03.5
030E:  MOVF   0C,W
030F:  BTFSC  0C.7
0310:  MOVWF  0B
....................                     time_on = 0; // Reiniciar el contador de pulsos 
0311:  CLRF   21
....................                 } 
....................  
....................                 break; 
0312:  GOTO   3AF
....................              case CONFIG_TEMP: 
....................                 output_high(Yellow_LED);  
0313:  BSF    03.5
0314:  BCF    06.2
0315:  BCF    03.5
0316:  BSF    06.2
....................                 output_high(Red_LED);  
0317:  BSF    03.5
0318:  BCF    06.1
0319:  BCF    03.5
031A:  BSF    06.1
....................                 output_low(Green_LED);  
031B:  BSF    03.5
031C:  BCF    06.3
031D:  BCF    03.5
031E:  BCF    06.3
....................                 tiempo_activo = medir_pulso(); // Tiempo activo el pulsador, en segundos 
031F:  CALL   19D
0320:  MOVF   0F,W
0321:  MOVWF  26
0322:  MOVF   0E,W
0323:  MOVWF  25
0324:  MOVF   0D,W
0325:  MOVWF  24
0326:  MOVF   0C,W
0327:  MOVWF  23
....................                 if (tiempo_activo == 0.0 ) { // Si se dejo de pulsar durante 10 segundos  
0328:  MOVF   26,W
0329:  MOVWF  31
032A:  MOVF   25,W
032B:  MOVWF  30
032C:  MOVF   24,W
032D:  MOVWF  2F
032E:  MOVF   23,W
032F:  MOVWF  2E
0330:  CLRF   35
0331:  CLRF   34
0332:  CLRF   33
0333:  CLRF   32
0334:  CALL   15E
0335:  BTFSS  03.2
0336:  GOTO   353
....................                     if (time_on == 0){  // nunca se pulso 
0337:  MOVF   21,F
0338:  BTFSS  03.2
0339:  GOTO   350
....................                         time_on = last_time_on; // Tomar la ultima configuracion 
033A:  MOVF   22,W
033B:  MOVWF  21
....................                         write_eeprom(0, time_on); 
033C:  MOVF   0B,W
033D:  MOVWF  0C
033E:  BCF    0B.7
033F:  CLRF   09
0340:  MOVF   21,W
0341:  MOVWF  08
0342:  BSF    03.5
0343:  BSF    08.2
0344:  MOVLW  55
0345:  MOVWF  09
0346:  MOVLW  AA
0347:  MOVWF  09
0348:  BSF    08.1
0349:  BTFSC  08.1
034A:  GOTO   349
034B:  BCF    08.2
034C:  BCF    03.5
034D:  MOVF   0C,W
034E:  BTFSC  0C.7
034F:  MOVWF  0B
....................                          
....................                     } 
....................                     state  = CURRENT_ON; // De lo contrario se toma el time_on hasta ahora configurado 
0350:  MOVLW  01
0351:  MOVWF  27
....................                      
....................                 } 
0352:  GOTO   3AF
....................                 else if ((tiempo_activo < 0.08) & (tiempo_activo >0.0)){ 
0353:  MOVF   26,W
0354:  MOVWF  31
0355:  MOVF   25,W
0356:  MOVWF  30
0357:  MOVF   24,W
0358:  MOVWF  2F
0359:  MOVF   23,W
035A:  MOVWF  2E
035B:  MOVLW  0A
035C:  MOVWF  35
035D:  MOVLW  D7
035E:  MOVWF  34
035F:  MOVLW  23
0360:  MOVWF  33
0361:  MOVLW  7B
0362:  MOVWF  32
0363:  CALL   15E
0364:  MOVLW  00
0365:  BTFSC  03.0
0366:  MOVLW  01
0367:  MOVWF  29
0368:  CLRF   31
0369:  CLRF   30
036A:  CLRF   2F
036B:  CLRF   2E
036C:  MOVF   26,W
036D:  MOVWF  35
036E:  MOVF   25,W
036F:  MOVWF  34
0370:  MOVF   24,W
0371:  MOVWF  33
0372:  MOVF   23,W
0373:  MOVWF  32
0374:  CALL   15E
0375:  MOVLW  00
0376:  BTFSC  03.0
0377:  MOVLW  01
0378:  ANDWF  29,W
0379:  BTFSC  03.2
037A:  GOTO   394
....................                     time_on = time_on +1; 
037B:  MOVLW  01
037C:  ADDWF  21,F
....................                     write_eeprom(0, time_on); 
037D:  MOVF   0B,W
037E:  MOVWF  0C
037F:  BCF    0B.7
0380:  CLRF   09
0381:  MOVF   21,W
0382:  MOVWF  08
0383:  BSF    03.5
0384:  BSF    08.2
0385:  MOVLW  55
0386:  MOVWF  09
0387:  MOVLW  AA
0388:  MOVWF  09
0389:  BSF    08.1
038A:  BTFSC  08.1
038B:  GOTO   38A
038C:  BCF    08.2
038D:  BCF    03.5
038E:  MOVF   0C,W
038F:  BTFSC  0C.7
0390:  MOVWF  0B
....................                     state = CONFIG_TEMP; // Esperar el siguiente pulso 
0391:  MOVLW  07
0392:  MOVWF  27
....................                 } 
0393:  GOTO   3AF
....................                 else{ // Si el tiempo pulsado es mayor 
....................                     if (time_on == 0){ 
0394:  MOVF   21,F
0395:  BTFSS  03.2
0396:  GOTO   3AD
....................                         time_on = last_time_on; // Por defecto, si no se configura nada 
0397:  MOVF   22,W
0398:  MOVWF  21
....................                         write_eeprom(0, time_on);// Se toma la ultima configuracin tomada 
0399:  MOVF   0B,W
039A:  MOVWF  0C
039B:  BCF    0B.7
039C:  CLRF   09
039D:  MOVF   21,W
039E:  MOVWF  08
039F:  BSF    03.5
03A0:  BSF    08.2
03A1:  MOVLW  55
03A2:  MOVWF  09
03A3:  MOVLW  AA
03A4:  MOVWF  09
03A5:  BSF    08.1
03A6:  BTFSC  08.1
03A7:  GOTO   3A6
03A8:  BCF    08.2
03A9:  BCF    03.5
03AA:  MOVF   0C,W
03AB:  BTFSC  0C.7
03AC:  MOVWF  0B
....................                     } 
....................                     state  = OFF; 
03AD:  MOVLW  03
03AE:  MOVWF  27
....................  
....................                 } 
....................  
....................                 break; 
....................  
....................         } 
03AF:  GOTO   21A
....................    
....................       
....................        
....................     } 
....................    
....................  
....................     
.................... } 
....................  
03B0:  SLEEP
....................  
.................... float real_time_m(){  // Tiempo en minutos 
....................     time_temp= time_H*0.001092266;  
*
00FD:  MOVF   1B,W
00FE:  MOVWF  2D
00FF:  MOVF   1A,W
0100:  MOVWF  2C
0101:  MOVF   19,W
0102:  MOVWF  2B
0103:  MOVF   18,W
0104:  MOVWF  2A
*
011F:  MOVF   0F,W
0120:  MOVWF  30
0121:  MOVF   0E,W
0122:  MOVWF  2F
0123:  MOVF   0D,W
0124:  MOVWF  2E
0125:  MOVF   0C,W
0126:  MOVWF  2D
0127:  MOVLW  5D
0128:  MOVWF  34
0129:  MOVLW  2A
012A:  MOVWF  33
012B:  MOVLW  0F
012C:  MOVWF  32
012D:  MOVLW  75
012E:  MOVWF  31
012F:  CALL   088
0130:  MOVF   0F,W
0131:  MOVWF  1F
0132:  MOVF   0E,W
0133:  MOVWF  1E
0134:  MOVF   0D,W
0135:  MOVWF  1D
0136:  MOVF   0C,W
0137:  MOVWF  1C
....................     return time_temp; 
0138:  MOVF   1C,W
0139:  MOVWF  0C
013A:  MOVF   1D,W
013B:  MOVWF  0D
013C:  MOVF   1E,W
013D:  MOVWF  0E
013E:  MOVF   1F,W
013F:  MOVWF  0F
0140:  RETURN
.................... } 
....................     
.................... void reset_timer(){ 
....................      time_H = 0; // Reiniciar el contador 
*
0082:  CLRF   1B
0083:  CLRF   1A
0084:  CLRF   19
0085:  CLRF   18
....................      set_timer0(0); // Reiniciar timer 
0086:  CLRF   01
0087:  RETURN
.................... } 
....................  
.................... float medir_pulso(){ 
*
019D:  BSF    29.0
....................     int1 tiempo_agotado = 1; 
....................     reset_timer(); // Reiniciar timer 
019E:  CALL   082
....................     while(real_time_m()< 0.1)  // Se espera 6 segundos a que se introduzca un pulso 
019F:  CALL   0FD
01A0:  MOVF   0F,W
01A1:  MOVWF  2D
01A2:  MOVF   0E,W
01A3:  MOVWF  2C
01A4:  MOVF   0D,W
01A5:  MOVWF  2B
01A6:  MOVF   0C,W
01A7:  MOVWF  2A
01A8:  MOVF   2D,W
01A9:  MOVWF  31
01AA:  MOVF   2C,W
01AB:  MOVWF  30
01AC:  MOVF   2B,W
01AD:  MOVWF  2F
01AE:  MOVF   2A,W
01AF:  MOVWF  2E
01B0:  MOVLW  CD
01B1:  MOVWF  35
01B2:  MOVLW  CC
01B3:  MOVWF  34
01B4:  MOVLW  4C
01B5:  MOVWF  33
01B6:  MOVLW  7B
01B7:  MOVWF  32
01B8:  CALL   15E
01B9:  BTFSS  03.0
01BA:  GOTO   1C1
....................     { 
....................         if (boton_activado == 1){ 
01BB:  BTFSS  20.0
01BC:  GOTO   1C0
....................             tiempo_agotado = 0; 
01BD:  BCF    29.0
....................             boton_activado = 0; // resetear el evento 
01BE:  BCF    20.0
....................             break; 
01BF:  GOTO   1C1
....................         } 
01C0:  GOTO   19F
....................     } 
....................       
....................     if (tiempo_agotado == 1) // Si pasaron 10 segundos sin pulsar el interruptor 
01C1:  BTFSS  29.0
01C2:  GOTO   1C9
....................     { 
....................         return 0.0; // Nunca se pulso 
01C3:  CLRF   0C
01C4:  CLRF   0D
01C5:  CLRF   0E
01C6:  CLRF   0F
01C7:  GOTO   1EC
....................     } 
01C8:  GOTO   1EC
....................     else{ // Se pulso 
....................        while(real_time_m()< 0.1){ // Pulso de duracion maxima de 6 segundos 
01C9:  CALL   0FD
01CA:  MOVF   0F,W
01CB:  MOVWF  2D
01CC:  MOVF   0E,W
01CD:  MOVWF  2C
01CE:  MOVF   0D,W
01CF:  MOVWF  2B
01D0:  MOVF   0C,W
01D1:  MOVWF  2A
01D2:  MOVF   2D,W
01D3:  MOVWF  31
01D4:  MOVF   2C,W
01D5:  MOVWF  30
01D6:  MOVF   2B,W
01D7:  MOVWF  2F
01D8:  MOVF   2A,W
01D9:  MOVWF  2E
01DA:  MOVLW  CD
01DB:  MOVWF  35
01DC:  MOVLW  CC
01DD:  MOVWF  34
01DE:  MOVLW  4C
01DF:  MOVWF  33
01E0:  MOVLW  7B
01E1:  MOVWF  32
01E2:  CALL   15E
01E3:  BTFSS  03.0
01E4:  GOTO   1EB
....................           if (input(Pulsador) == 1){ // esperar el flanco de subida del pulsador 
01E5:  BSF    03.5
01E6:  BSF    06.0
01E7:  BCF    03.5
01E8:  BTFSC  06.0
....................              break; 
01E9:  GOTO   1EB
....................           } 
01EA:  GOTO   1C9
....................        } 
....................  
....................         return real_time_m(); 
01EB:  CALL   0FD
....................     } 
01EC:  RETURN
.................... } 
....................  
....................  

Configuration Fuses:
   Word  1: 3FF1   XT NOWDT PUT NOPROTECT

ROM data:
002100: 0001 
